file /home/overkill/code/Plum/source/audiere/SConstruct,line 51:
	Configure(confdir = .sconf_temp)
scons: Configure: Checking for C header file vorbis/vorbisfile.h... 
.sconf_temp/conftest_0.c <-
  |
  |#include <vorbis/vorbisfile.h>
  |
  |
gcc -o .sconf_temp/conftest_0.o -c -Isrc .sconf_temp/conftest_0.c
scons: Configure: yes

scons: Configure: Checking for FLAC__seekable_stream_decoder_process_single() in C library FLAC... 
.sconf_temp/conftest_1.c <-
  |
  |
  |FLAC/all.h
  |int
  |main() {
  |  FLAC__seekable_stream_decoder_process_single();
  |return 0;
  |}
  |
gcc -o .sconf_temp/conftest_1.o -c -DHAVE_OGG -Isrc .sconf_temp/conftest_1.c
.sconf_temp/conftest_1.c:3: error: expected ‘=’, ‘,’, ‘;’, ‘asm’ or ‘__attribute__’ before ‘/’ token
scons: Configure: no

